<?xml version="1.0" encoding="utf-8" standalone="no"?>
<!--This file represents the results of running a test suite-->
<test-results name="E:\Programming\Google Code\winforms-mvp-example\ContactsPrototype_UnitTests.nunit" total="45" failures="0" not-run="0" date="2009-09-06" time="01:48:13">
  <environment nunit-version="2.4.8.0" clr-version="2.0.50727.4016" os-version="Microsoft Windows NT 6.0.6002 Service Pack 2" platform="Win32NT" cwd="C:\Program Files\NUnit 2.4.8\bin" machine-name="GC-LAPTOP" user="Grant" user-domain="GC-Laptop" />
  <culture-info current-culture="en-GB" current-uiculture="en-US" />
  <test-suite name="E:\Programming\Google Code\winforms-mvp-example\ContactsPrototype_UnitTests.nunit" success="True" time="1.491" asserts="0">
    <results>
      <test-suite name="E:\Programming\Google Code\winforms-mvp-example\ContactsDomain.Tests\bin\Debug\ContactsDomain.Tests.dll" success="True" time="0.169" asserts="0">
        <results>
          <test-suite name="ContactsDomain" success="True" time="0.164" asserts="0">
            <results>
              <test-suite name="Tests" success="True" time="0.162" asserts="0">
                <results>
                  <test-suite name="PersonManager_Fixtures" success="True" time="0.143" asserts="0">
                    <results>
                      <test-case name="ContactsDomain.Tests.PersonManager_Fixtures.PersonManager_AddPerson_AddsToRepository" executed="True" success="True" time="0.107" asserts="6" />
                      <test-case name="ContactsDomain.Tests.PersonManager_Fixtures.PersonManager_DeletePerson_RemovesFromRepository" executed="True" success="True" time="0.001" asserts="6" />
                      <test-case name="ContactsDomain.Tests.PersonManager_Fixtures.PersonManager_GetAll_ReturnsListFromRepository" executed="True" success="True" time="0.021" asserts="16" />
                      <test-case name="ContactsDomain.Tests.PersonManager_Fixtures.PersonManager_UpdatePerson_UpdatesPersonInRepository" executed="True" success="True" time="0.001" asserts="6" />
                    </results>
                  </test-suite>
                </results>
              </test-suite>
            </results>
          </test-suite>
        </results>
      </test-suite>
      <test-suite name="E:\Programming\Google Code\winforms-mvp-example\ContactsClient.Tests\bin\Debug\ContactsClient.Tests.dll" success="True" time="1.314" asserts="0">
        <results>
          <test-suite name="ContactsClient" success="True" time="1.307" asserts="0">
            <results>
              <test-suite name="Tests" success="True" time="1.306" asserts="0">
                <results>
                  <test-suite name="ClientServiceLocator_Fixtures" success="True" time="0.017" asserts="0">
                    <results>
                      <test-case name="ContactsClient.Tests.ClientServiceLocator_Fixtures.ClientServiceLocator_GetPersonDetailsPresenter_ReturnsCorrectObject" executed="True" success="True" time="0.002" asserts="1" />
                      <test-case name="ContactsClient.Tests.ClientServiceLocator_Fixtures.ClientServiceLocator_GetPersonDetailsPresenterWithNoPresenter_RaisesApplicationException" executed="True" success="True" time="0.001" asserts="1" />
                      <test-case name="ContactsClient.Tests.ClientServiceLocator_Fixtures.ClientServiceLocator_GetPersonListPresenter_ReturnsCorrectObject" executed="True" success="True" time="0.000" asserts="1" />
                      <test-case name="ContactsClient.Tests.ClientServiceLocator_Fixtures.ClientServiceLocator_GetPersonListPresenterWithNoPresenter_RaisesApplicationException" executed="True" success="True" time="0.001" asserts="1" />
                    </results>
                  </test-suite>
                  <test-suite name="PersonDetailsPresenter_Fixtures" success="True" time="0.041" asserts="0">
                    <results>
                      <test-case name="ContactsClient.Tests.PersonDetailsPresenter_Fixtures.PersonDetailsPresenter_AddPerson_SetsViewTitle" executed="True" success="True" time="0.001" asserts="1" />
                      <test-case name="ContactsClient.Tests.PersonDetailsPresenter_Fixtures.PersonDetailsPresenter_EditPerson_PassesCorrectDetailsToView" executed="True" success="True" time="0.002" asserts="4" />
                      <test-case name="ContactsClient.Tests.PersonDetailsPresenter_Fixtures.PersonDetailsPresenter_EditPerson_SetsViewTitle" executed="True" success="True" time="0.000" asserts="1" />
                      <test-case name="ContactsClient.Tests.PersonDetailsPresenter_Fixtures.PersonDetailsPresenter_OkButtonPressedInAddMode_AddsPersonToManager" executed="True" success="True" time="0.002" asserts="5" />
                      <test-case name="ContactsClient.Tests.PersonDetailsPresenter_Fixtures.PersonDetailsPresenter_OkButtonPressedInAddMode_ClosesView" executed="True" success="True" time="0.001" asserts="1" />
                      <test-case name="ContactsClient.Tests.PersonDetailsPresenter_Fixtures.PersonDetailsPresenter_OkButtonPressedInEditMode_ClosesView" executed="True" success="True" time="0.001" asserts="1" />
                      <test-case name="ContactsClient.Tests.PersonDetailsPresenter_Fixtures.PersonDetailsPresenter_OkButtonPressedInEditMode_UpdatesPersonInManager" executed="True" success="True" time="0.001" asserts="6" />
                      <test-case name="ContactsClient.Tests.PersonDetailsPresenter_Fixtures.PersonDetailsPresenter_OkButtonPressedInUndefinedMode_ThrowsException" executed="True" success="True" time="0.001" asserts="1" />
                      <test-case name="ContactsClient.Tests.PersonDetailsPresenter_Fixtures.PersonDetailsPresenter_OkButtonPressedInViewMode_ClosesView" executed="True" success="True" time="0.001" asserts="1" />
                      <test-case name="ContactsClient.Tests.PersonDetailsPresenter_Fixtures.PersonDetailsPresenter_ShowPerson_PassesCorrectDetailsToView" executed="True" success="True" time="0.000" asserts="4" />
                      <test-case name="ContactsClient.Tests.PersonDetailsPresenter_Fixtures.PersonDetailsPresenter_ShowPerson_SetsViewTitle" executed="True" success="True" time="0.000" asserts="1" />
                      <test-case name="ContactsClient.Tests.PersonDetailsPresenter_Fixtures.PersonDetailsPresenter_ShowView_ShowsView" executed="True" success="True" time="0.001" asserts="1" />
                    </results>
                  </test-suite>
                  <test-suite name="PersonListPresenter_Fixtures" success="True" time="0.122" asserts="0">
                    <results>
                      <test-case name="ContactsClient.Tests.PersonListPresenter_Fixtures.PersonListPresenter_AddButtonPressed_CallsAddPerson" executed="True" success="True" time="0.014" asserts="1" />
                      <test-case name="ContactsClient.Tests.PersonListPresenter_Fixtures.PersonListPresenter_AddButtonPressed_CallsShowView" executed="True" success="True" time="0.011" asserts="1" />
                      <test-case name="ContactsClient.Tests.PersonListPresenter_Fixtures.PersonListPresenter_AddButtonPressed_ReloadsPersonList" executed="True" success="True" time="0.011" asserts="1" />
                      <test-case name="ContactsClient.Tests.PersonListPresenter_Fixtures.PersonListPresenter_DeleteButtonPressed_DeletesSelectedPersonFromRepository" executed="True" success="True" time="0.012" asserts="6" />
                      <test-case name="ContactsClient.Tests.PersonListPresenter_Fixtures.PersonListPresenter_DeleteButtonPressed_GetsSelectedPersonFromView" executed="True" success="True" time="0.001" asserts="1" />
                      <test-case name="ContactsClient.Tests.PersonListPresenter_Fixtures.PersonListPresenter_DeleteButtonPressed_GivesWarningIfNoPersonSelected" executed="True" success="True" time="0.000" asserts="1" />
                      <test-case name="ContactsClient.Tests.PersonListPresenter_Fixtures.PersonListPresenter_EditButtonPressed_CallsShowView" executed="True" success="True" time="0.011" asserts="1" />
                      <test-case name="ContactsClient.Tests.PersonListPresenter_Fixtures.PersonListPresenter_EditButtonPressed_GivesWarningIfNoPersonSelected" executed="True" success="True" time="0.001" asserts="1" />
                      <test-case name="ContactsClient.Tests.PersonListPresenter_Fixtures.PersonListPresenter_EditButtonPressed_PassesDetailsToPersonDetailsPresenter" executed="True" success="True" time="0.011" asserts="5" />
                      <test-case name="ContactsClient.Tests.PersonListPresenter_Fixtures.PersonListPresenter_LoadButtonPressed_SetsPersonList" executed="True" success="True" time="0.011" asserts="1" />
                      <test-case name="ContactsClient.Tests.PersonListPresenter_Fixtures.PersonListPresenter_LoadButtonPressed_ShowsWaitCursorWhileDataLoading" executed="True" success="True" time="0.013" asserts="2" />
                      <test-case name="ContactsClient.Tests.PersonListPresenter_Fixtures.PersonListPresenter_ViewButtonPressed_CallsShowView" executed="True" success="True" time="0.002" asserts="1" />
                      <test-case name="ContactsClient.Tests.PersonListPresenter_Fixtures.PersonListPresenter_ViewButtonPressed_GivesWarningIfNoPersonSelected" executed="True" success="True" time="0.000" asserts="1" />
                      <test-case name="ContactsClient.Tests.PersonListPresenter_Fixtures.PersonListPresenter_ViewButtonPressed_PassesDetailsToPersonDetailsPresenter" executed="True" success="True" time="0.001" asserts="5" />
                    </results>
                  </test-suite>
                  <test-suite name="PersonListView_Fixtures" success="True" time="1.025" asserts="0">
                    <results>
                      <test-case name="ContactsClient.Tests.PersonListView_Fixtures.PersonListView_AddButtonPressed_FiresEvent" executed="True" success="True" time="0.638" asserts="1">
                        <categories>
                          <category name="Event Tests" />
                        </categories>
                      </test-case>
                      <test-case name="ContactsClient.Tests.PersonListView_Fixtures.PersonListView_DeleteButtonPressed_FiresEvent" executed="True" success="True" time="0.026" asserts="1">
                        <categories>
                          <category name="Event Tests" />
                        </categories>
                      </test-case>
                      <test-case name="ContactsClient.Tests.PersonListView_Fixtures.PersonListView_EditButtonPressed_FiresEvent" executed="True" success="True" time="0.034" asserts="1">
                        <categories>
                          <category name="Event Tests" />
                        </categories>
                      </test-case>
                      <test-case name="ContactsClient.Tests.PersonListView_Fixtures.PersonListView_GetSelectedListItems_ReturnsCorrectPerson" executed="True" success="True" time="0.041" asserts="1">
                        <categories>
                          <category name="UI Tests" />
                        </categories>
                      </test-case>
                      <test-case name="ContactsClient.Tests.PersonListView_Fixtures.PersonListView_LoadButtonPressed_FiresEvent" executed="True" success="True" time="0.044" asserts="1">
                        <categories>
                          <category name="Event Tests" />
                        </categories>
                      </test-case>
                      <test-case name="ContactsClient.Tests.PersonListView_Fixtures.PersonListView_SetPersonList_DisplaysCorrectPeople" executed="True" success="True" time="0.042" asserts="3">
                        <categories>
                          <category name="UI Tests" />
                        </categories>
                      </test-case>
                      <test-case name="ContactsClient.Tests.PersonListView_Fixtures.PersonListView_ShowDefaultCursor_ShowsDefaultCursor" executed="True" success="True" time="0.039" asserts="1" />
                      <test-case name="ContactsClient.Tests.PersonListView_Fixtures.PersonListView_ShowWaitCursor_ShowsWaitCursor" executed="True" success="True" time="0.039" asserts="1" />
                      <test-case name="ContactsClient.Tests.PersonListView_Fixtures.PersonListView_ShowWarning_ShowsMessageBoxWithCorrectTitleAndMessage" executed="True" success="True" time="0.054" asserts="3" />
                      <test-case name="ContactsClient.Tests.PersonListView_Fixtures.PersonListView_ViewButtonPressed_FiresEvent" executed="True" success="True" time="0.026" asserts="1">
                        <categories>
                          <category name="Event Tests" />
                        </categories>
                      </test-case>
                    </results>
                  </test-suite>
                  <test-suite name="Program_Fixtures" success="True" time="0.093" asserts="0">
                    <results>
                      <test-case name="ContactsClient.Tests.Program_Fixtures.Program_SetupServiceLocator_SetsUpClientServiceLocator" executed="True" success="True" time="0.093" asserts="4" />
                    </results>
                  </test-suite>
                </results>
              </test-suite>
            </results>
          </test-suite>
        </results>
      </test-suite>
    </results>
  </test-suite>
</test-results>